This file contains any messages produced by compilers while
running configure, to aid debugging if configure makes a mistake.

It was created by haggle configure 0.3.1, which was
generated by GNU Autoconf 2.67.  Invocation command line was

  $ ./configure 

## --------- ##
## Platform. ##
## --------- ##

hostname = t60-ub
uname -m = i686
uname -r = 2.6.35-22-generic
uname -s = Linux
uname -v = #35-Ubuntu SMP Sat Oct 16 20:36:48 UTC 2010

/usr/bin/uname -p = unknown
/bin/uname -X     = unknown

/bin/arch              = unknown
/usr/bin/arch -k       = unknown
/usr/convex/getsysinfo = unknown
/usr/bin/hostinfo      = unknown
/bin/machine           = unknown
/usr/bin/oslevel       = unknown
/bin/universe          = unknown

PATH: /home/ning/bin
PATH: /usr/local/sbin
PATH: /usr/local/bin
PATH: /usr/sbin
PATH: /usr/bin
PATH: /sbin
PATH: /bin
PATH: /usr/games


## ----------- ##
## Core tests. ##
## ----------- ##

configure:2600: checking build system type
configure:2614: result: i686-pc-linux-gnu
configure:2634: checking host system type
configure:2647: result: i686-pc-linux-gnu
configure:2667: checking target system type
configure:2680: result: i686-pc-linux-gnu
configure:2724: checking for a BSD-compatible install
configure:2792: result: /usr/bin/install -c
configure:2803: checking whether build environment is sane
configure:2853: result: yes
configure:2994: checking for a thread-safe mkdir -p
configure:3033: result: /bin/mkdir -p
configure:3046: checking for gawk
configure:3062: found /usr/bin/gawk
configure:3073: result: gawk
configure:3084: checking whether make sets $(MAKE)
configure:3106: result: yes
configure:3240: checking for gcc
configure:3256: found /usr/bin/gcc
configure:3267: result: gcc
configure:3496: checking for C compiler version
configure:3505: gcc --version >&5
gcc (Ubuntu/Linaro 4.4.4-14ubuntu5) 4.4.5
Copyright (C) 2010 Free Software Foundation, Inc.
This is free software; see the source for copying conditions.  There is NO
warranty; not even for MERCHANTABILITY or FITNESS FOR A PARTICULAR PURPOSE.

configure:3516: $? = 0
configure:3505: gcc -v >&5
Using built-in specs.
Target: i686-linux-gnu
Configured with: ../src/configure -v --with-pkgversion='Ubuntu/Linaro 4.4.4-14ubuntu5' --with-bugurl=file:///usr/share/doc/gcc-4.4/README.Bugs --enable-languages=c,c++,fortran,objc,obj-c++ --prefix=/usr --program-suffix=-4.4 --enable-shared --enable-multiarch --enable-linker-build-id --with-system-zlib --libexecdir=/usr/lib --without-included-gettext --enable-threads=posix --with-gxx-include-dir=/usr/include/c++/4.4 --libdir=/usr/lib --enable-nls --with-sysroot=/ --enable-clocale=gnu --enable-libstdcxx-debug --enable-objc-gc --enable-targets=all --disable-werror --with-arch-32=i686 --with-tune=generic --enable-checking=release --build=i686-linux-gnu --host=i686-linux-gnu --target=i686-linux-gnu
Thread model: posix
gcc version 4.4.5 (Ubuntu/Linaro 4.4.4-14ubuntu5) 
configure:3516: $? = 0
configure:3505: gcc -V >&5
gcc: '-V' option must have argument
configure:3516: $? = 1
configure:3505: gcc -qversion >&5
gcc: unrecognized option '-qversion'
gcc: no input files
configure:3516: $? = 1
configure:3536: checking whether the C compiler works
configure:3558: gcc    conftest.c  >&5
configure:3562: $? = 0
configure:3610: result: yes
configure:3613: checking for C compiler default output file name
configure:3615: result: a.out
configure:3621: checking for suffix of executables
configure:3628: gcc -o conftest    conftest.c  >&5
configure:3632: $? = 0
configure:3654: result: 
configure:3676: checking whether we are cross compiling
configure:3684: gcc -o conftest    conftest.c  >&5
configure:3688: $? = 0
configure:3695: ./conftest
configure:3699: $? = 0
configure:3714: result: no
configure:3719: checking for suffix of object files
configure:3741: gcc -c   conftest.c >&5
configure:3745: $? = 0
configure:3766: result: o
configure:3770: checking whether we are using the GNU C compiler
configure:3789: gcc -c   conftest.c >&5
configure:3789: $? = 0
configure:3798: result: yes
configure:3807: checking whether gcc accepts -g
configure:3827: gcc -c -g  conftest.c >&5
configure:3827: $? = 0
configure:3868: result: yes
configure:3885: checking for gcc option to accept ISO C89
configure:3949: gcc  -c -g -O2  conftest.c >&5
configure:3949: $? = 0
configure:3962: result: none needed
configure:3993: checking for style of include used by make
configure:4021: result: GNU
configure:4046: checking dependency style of gcc
configure:4156: result: gcc3
configure:4229: checking for g++
configure:4245: found /usr/bin/g++
configure:4256: result: g++
configure:4283: checking for C++ compiler version
configure:4292: g++ --version >&5
g++ (Ubuntu/Linaro 4.4.4-14ubuntu5) 4.4.5
Copyright (C) 2010 Free Software Foundation, Inc.
This is free software; see the source for copying conditions.  There is NO
warranty; not even for MERCHANTABILITY or FITNESS FOR A PARTICULAR PURPOSE.

configure:4303: $? = 0
configure:4292: g++ -v >&5
Using built-in specs.
Target: i686-linux-gnu
Configured with: ../src/configure -v --with-pkgversion='Ubuntu/Linaro 4.4.4-14ubuntu5' --with-bugurl=file:///usr/share/doc/gcc-4.4/README.Bugs --enable-languages=c,c++,fortran,objc,obj-c++ --prefix=/usr --program-suffix=-4.4 --enable-shared --enable-multiarch --enable-linker-build-id --with-system-zlib --libexecdir=/usr/lib --without-included-gettext --enable-threads=posix --with-gxx-include-dir=/usr/include/c++/4.4 --libdir=/usr/lib --enable-nls --with-sysroot=/ --enable-clocale=gnu --enable-libstdcxx-debug --enable-objc-gc --enable-targets=all --disable-werror --with-arch-32=i686 --with-tune=generic --enable-checking=release --build=i686-linux-gnu --host=i686-linux-gnu --target=i686-linux-gnu
Thread model: posix
gcc version 4.4.5 (Ubuntu/Linaro 4.4.4-14ubuntu5) 
configure:4303: $? = 0
configure:4292: g++ -V >&5
g++: '-V' option must have argument
configure:4303: $? = 1
configure:4292: g++ -qversion >&5
g++: unrecognized option '-qversion'
g++: no input files
configure:4303: $? = 1
configure:4307: checking whether we are using the GNU C++ compiler
configure:4326: g++ -c   conftest.cpp >&5
configure:4326: $? = 0
configure:4335: result: yes
configure:4344: checking whether g++ accepts -g
configure:4364: g++ -c -g  conftest.cpp >&5
configure:4364: $? = 0
configure:4405: result: yes
configure:4430: checking dependency style of g++
configure:4540: result: gcc3
configure:4560: checking how to run the C preprocessor
configure:4591: gcc -E  conftest.c
configure:4591: $? = 0
configure:4605: gcc -E  conftest.c
conftest.c:11: fatal error: ac_nonexistent.h: No such file or directory
compilation terminated.
configure:4605: $? = 1
configure: failed program was:
| /* confdefs.h */
| #define PACKAGE_NAME "haggle"
| #define PACKAGE_TARNAME "haggle"
| #define PACKAGE_VERSION "0.3.1"
| #define PACKAGE_STRING "haggle 0.3.1"
| #define PACKAGE_BUGREPORT "bugs@haggleproject.org"
| #define PACKAGE_URL ""
| #define PACKAGE "haggle"
| #define VERSION "0.3.1"
| /* end confdefs.h.  */
| #include <ac_nonexistent.h>
configure:4630: result: gcc -E
configure:4650: gcc -E  conftest.c
configure:4650: $? = 0
configure:4664: gcc -E  conftest.c
conftest.c:11: fatal error: ac_nonexistent.h: No such file or directory
compilation terminated.
configure:4664: $? = 1
configure: failed program was:
| /* confdefs.h */
| #define PACKAGE_NAME "haggle"
| #define PACKAGE_TARNAME "haggle"
| #define PACKAGE_VERSION "0.3.1"
| #define PACKAGE_STRING "haggle 0.3.1"
| #define PACKAGE_BUGREPORT "bugs@haggleproject.org"
| #define PACKAGE_URL ""
| #define PACKAGE "haggle"
| #define VERSION "0.3.1"
| /* end confdefs.h.  */
| #include <ac_nonexistent.h>
configure:4717: checking for a sed that does not truncate output
configure:4781: result: /bin/sed
configure:4799: checking for grep that handles long lines and -e
configure:4857: result: /bin/grep
configure:4862: checking for egrep
configure:4924: result: /bin/grep -E
configure:4929: checking for fgrep
configure:4991: result: /bin/grep -F
configure:5026: checking for ld used by gcc
configure:5093: result: /usr/bin/ld
configure:5100: checking if the linker (/usr/bin/ld) is GNU ld
configure:5115: result: yes
configure:5127: checking for BSD- or MS-compatible name lister (nm)
configure:5176: result: /usr/bin/nm -B
configure:5294: checking the name lister (/usr/bin/nm -B) interface
configure:5301: gcc -c -g -O2  conftest.c >&5
configure:5304: /usr/bin/nm -B "conftest.o"
configure:5307: output
00000000 B some_variable
configure:5314: result: BSD nm
configure:5317: checking whether ln -s works
configure:5321: result: yes
configure:5329: checking the maximum length of command line arguments
configure:5449: result: 1572864
configure:5466: checking whether the shell understands some XSI constructs
configure:5476: result: yes
configure:5480: checking whether the shell understands "+="
configure:5486: result: yes
configure:5521: checking for /usr/bin/ld option to reload object files
configure:5528: result: -r
configure:5597: checking for objdump
configure:5613: found /usr/bin/objdump
configure:5624: result: objdump
configure:5656: checking how to recognize dependent libraries
configure:5852: result: pass_all
configure:5912: checking for ar
configure:5928: found /usr/bin/ar
configure:5939: result: ar
configure:6017: checking for strip
configure:6033: found /usr/bin/strip
configure:6044: result: strip
configure:6116: checking for ranlib
configure:6132: found /usr/bin/ranlib
configure:6143: result: ranlib
configure:6233: checking command to parse /usr/bin/nm -B output from gcc object
configure:6351: gcc -c -g -O2  conftest.c >&5
configure:6354: $? = 0
configure:6358: /usr/bin/nm -B conftest.o \| sed -n -e 's/^.*[	 ]\([ABCDGIRSTW][ABCDGIRSTW]*\)[	 ][	 ]*\([_A-Za-z][_A-Za-z0-9]*\)$/\1 \2 \2/p' \> conftest.nm
configure:6361: $? = 0
configure:6415: gcc -o conftest -g -O2   conftest.c conftstm.o >&5
configure:6418: $? = 0
configure:6456: result: ok
configure:7261: checking for ANSI C header files
configure:7281: gcc -c -g -O2  conftest.c >&5
configure:7281: $? = 0
configure:7354: gcc -o conftest -g -O2   conftest.c  >&5
configure:7354: $? = 0
configure:7354: ./conftest
configure:7354: $? = 0
configure:7365: result: yes
configure:7378: checking for sys/types.h
configure:7378: gcc -c -g -O2  conftest.c >&5
configure:7378: $? = 0
configure:7378: result: yes
configure:7378: checking for sys/stat.h
configure:7378: gcc -c -g -O2  conftest.c >&5
configure:7378: $? = 0
configure:7378: result: yes
configure:7378: checking for stdlib.h
configure:7378: gcc -c -g -O2  conftest.c >&5
configure:7378: $? = 0
configure:7378: result: yes
configure:7378: checking for string.h
configure:7378: gcc -c -g -O2  conftest.c >&5
configure:7378: $? = 0
configure:7378: result: yes
configure:7378: checking for memory.h
configure:7378: gcc -c -g -O2  conftest.c >&5
configure:7378: $? = 0
configure:7378: result: yes
configure:7378: checking for strings.h
configure:7378: gcc -c -g -O2  conftest.c >&5
configure:7378: $? = 0
configure:7378: result: yes
configure:7378: checking for inttypes.h
configure:7378: gcc -c -g -O2  conftest.c >&5
configure:7378: $? = 0
configure:7378: result: yes
configure:7378: checking for stdint.h
configure:7378: gcc -c -g -O2  conftest.c >&5
configure:7378: $? = 0
configure:7378: result: yes
configure:7378: checking for unistd.h
configure:7378: gcc -c -g -O2  conftest.c >&5
configure:7378: $? = 0
configure:7378: result: yes
configure:7392: checking for dlfcn.h
configure:7392: gcc -c -g -O2  conftest.c >&5
configure:7392: $? = 0
configure:7392: result: yes
configure:7517: checking for C++ compiler version
configure:7526: g++ --version >&5
g++ (Ubuntu/Linaro 4.4.4-14ubuntu5) 4.4.5
Copyright (C) 2010 Free Software Foundation, Inc.
This is free software; see the source for copying conditions.  There is NO
warranty; not even for MERCHANTABILITY or FITNESS FOR A PARTICULAR PURPOSE.

configure:7537: $? = 0
configure:7526: g++ -v >&5
Using built-in specs.
Target: i686-linux-gnu
Configured with: ../src/configure -v --with-pkgversion='Ubuntu/Linaro 4.4.4-14ubuntu5' --with-bugurl=file:///usr/share/doc/gcc-4.4/README.Bugs --enable-languages=c,c++,fortran,objc,obj-c++ --prefix=/usr --program-suffix=-4.4 --enable-shared --enable-multiarch --enable-linker-build-id --with-system-zlib --libexecdir=/usr/lib --without-included-gettext --enable-threads=posix --with-gxx-include-dir=/usr/include/c++/4.4 --libdir=/usr/lib --enable-nls --with-sysroot=/ --enable-clocale=gnu --enable-libstdcxx-debug --enable-objc-gc --enable-targets=all --disable-werror --with-arch-32=i686 --with-tune=generic --enable-checking=release --build=i686-linux-gnu --host=i686-linux-gnu --target=i686-linux-gnu
Thread model: posix
gcc version 4.4.5 (Ubuntu/Linaro 4.4.4-14ubuntu5) 
configure:7537: $? = 0
configure:7526: g++ -V >&5
g++: '-V' option must have argument
configure:7537: $? = 1
configure:7526: g++ -qversion >&5
g++: unrecognized option '-qversion'
g++: no input files
configure:7537: $? = 1
configure:7541: checking whether we are using the GNU C++ compiler
configure:7569: result: yes
configure:7578: checking whether g++ accepts -g
configure:7639: result: yes
configure:7664: checking dependency style of g++
configure:7774: result: gcc3
configure:7797: checking how to run the C++ preprocessor
configure:7824: g++ -E  conftest.cpp
configure:7824: $? = 0
configure:7838: g++ -E  conftest.cpp
conftest.cpp:22: fatal error: ac_nonexistent.h: No such file or directory
compilation terminated.
configure:7838: $? = 1
configure: failed program was:
| /* confdefs.h */
| #define PACKAGE_NAME "haggle"
| #define PACKAGE_TARNAME "haggle"
| #define PACKAGE_VERSION "0.3.1"
| #define PACKAGE_STRING "haggle 0.3.1"
| #define PACKAGE_BUGREPORT "bugs@haggleproject.org"
| #define PACKAGE_URL ""
| #define PACKAGE "haggle"
| #define VERSION "0.3.1"
| #define STDC_HEADERS 1
| #define HAVE_SYS_TYPES_H 1
| #define HAVE_SYS_STAT_H 1
| #define HAVE_STDLIB_H 1
| #define HAVE_STRING_H 1
| #define HAVE_MEMORY_H 1
| #define HAVE_STRINGS_H 1
| #define HAVE_INTTYPES_H 1
| #define HAVE_STDINT_H 1
| #define HAVE_UNISTD_H 1
| #define HAVE_DLFCN_H 1
| /* end confdefs.h.  */
| #include <ac_nonexistent.h>
configure:7863: result: g++ -E
configure:7883: g++ -E  conftest.cpp
configure:7883: $? = 0
configure:7897: g++ -E  conftest.cpp
conftest.cpp:22: fatal error: ac_nonexistent.h: No such file or directory
compilation terminated.
configure:7897: $? = 1
configure: failed program was:
| /* confdefs.h */
| #define PACKAGE_NAME "haggle"
| #define PACKAGE_TARNAME "haggle"
| #define PACKAGE_VERSION "0.3.1"
| #define PACKAGE_STRING "haggle 0.3.1"
| #define PACKAGE_BUGREPORT "bugs@haggleproject.org"
| #define PACKAGE_URL ""
| #define PACKAGE "haggle"
| #define VERSION "0.3.1"
| #define STDC_HEADERS 1
| #define HAVE_SYS_TYPES_H 1
| #define HAVE_SYS_STAT_H 1
| #define HAVE_STDLIB_H 1
| #define HAVE_STRING_H 1
| #define HAVE_MEMORY_H 1
| #define HAVE_STRINGS_H 1
| #define HAVE_INTTYPES_H 1
| #define HAVE_STDINT_H 1
| #define HAVE_UNISTD_H 1
| #define HAVE_DLFCN_H 1
| /* end confdefs.h.  */
| #include <ac_nonexistent.h>
configure:8103: checking for objdir
configure:8118: result: .libs
configure:8410: checking if gcc supports -fno-rtti -fno-exceptions
configure:8428: gcc -c -g -O2  -fno-rtti -fno-exceptions conftest.c >&5
cc1: warning: command line option "-fno-rtti" is valid for C++/ObjC++ but not for C
configure:8432: $? = 0
configure:8445: result: no
configure:8465: checking for gcc option to produce PIC
configure:8737: result: -fPIC -DPIC
configure:8749: checking if gcc PIC flag -fPIC -DPIC works
configure:8767: gcc -c -g -O2  -fPIC -DPIC -DPIC conftest.c >&5
configure:8771: $? = 0
configure:8784: result: yes
configure:8808: checking if gcc static flag -static works
configure:8836: result: yes
configure:8851: checking if gcc supports -c -o file.o
configure:8872: gcc -c -g -O2  -o out/conftest2.o conftest.c >&5
configure:8876: $? = 0
configure:8898: result: yes
configure:8906: checking if gcc supports -c -o file.o
configure:8953: result: yes
configure:8986: checking whether the gcc linker (/usr/bin/ld) supports shared libraries
configure:9977: result: yes
configure:10014: checking whether -lc should be explicitly linked in
configure:10019: gcc -c -g -O2  conftest.c >&5
configure:10022: $? = 0
configure:10037: gcc -shared conftest.o  -v -Wl,-soname -Wl,conftest -o conftest 2\>\&1 \| /bin/grep  -lc  \>/dev/null 2\>\&1
configure:10040: $? = 0
configure:10052: result: no
configure:10216: checking dynamic linker characteristics
configure:10649: gcc -o conftest -g -O2   -Wl,-rpath -Wl,/foo conftest.c  >&5
configure:10649: $? = 0
configure:10879: result: GNU/Linux ld.so
configure:10981: checking how to hardcode library paths into programs
configure:11006: result: immediate
configure:11526: checking whether stripping libraries is possible
configure:11531: result: yes
configure:11566: checking if libtool supports shared libraries
configure:11568: result: yes
configure:11571: checking whether to build shared libraries
configure:11592: result: yes
configure:11595: checking whether to build static libraries
configure:11599: result: yes
configure:11749: checking for ld used by g++
configure:11816: result: /usr/bin/ld
configure:11823: checking if the linker (/usr/bin/ld) is GNU ld
configure:11838: result: yes
configure:11893: checking whether the g++ linker (/usr/bin/ld) supports shared libraries
configure:12806: result: yes
configure:12834: g++ -c -g -O2  conftest.cpp >&5
configure:12837: $? = 0
configure:13019: checking for g++ option to produce PIC
configure:13336: result: -fPIC -DPIC
configure:13345: checking if g++ PIC flag -fPIC -DPIC works
configure:13363: g++ -c -g -O2  -fPIC -DPIC -DPIC conftest.cpp >&5
configure:13367: $? = 0
configure:13380: result: yes
configure:13401: checking if g++ static flag -static works
configure:13429: result: yes
configure:13441: checking if g++ supports -c -o file.o
configure:13462: g++ -c -g -O2  -o out/conftest2.o conftest.cpp >&5
configure:13466: $? = 0
configure:13488: result: yes
configure:13493: checking if g++ supports -c -o file.o
configure:13540: result: yes
configure:13570: checking whether the g++ linker (/usr/bin/ld) supports shared libraries
configure:13599: result: yes
configure:13736: checking dynamic linker characteristics
configure:14117: g++ -o conftest -g -O2   -Wl,-rpath -Wl,/foo conftest.cpp  >&5
configure:14117: $? = 0
configure:14347: result: GNU/Linux ld.so
configure:14398: checking how to hardcode library paths into programs
configure:14423: result: immediate
configure:14525: checking for ranlib
configure:14552: result: ranlib
configure:14596: checking for Linux
configure:14604: result: true
configure:14609: checking for MacOS X
configure:14618: result: false
configure:14623: checking for iPhoneOS
configure:14632: result: false
configure:14703: checking for an ANSI C-conforming const
configure:14768: gcc -c -g -O2 -Wall  -DOS_LINUX conftest.c >&5
conftest.c: In function 'main':
conftest.c:52: warning: 't' is used uninitialized in this function
conftest.c:68: warning: 'b' is used uninitialized in this function
conftest.c:31: warning: 'cs[0]' is used uninitialized in this function
configure:14768: $? = 0
configure:14775: result: yes
configure:14785: checking for ANSI C header files
configure:14889: result: yes
configure:14900: checking arpa/inet.h usability
configure:14900: gcc -c -g -O2 -Wall  -DOS_LINUX conftest.c >&5
configure:14900: $? = 0
configure:14900: result: yes
configure:14900: checking arpa/inet.h presence
configure:14900: gcc -E  -DOS_LINUX conftest.c
configure:14900: $? = 0
configure:14900: result: yes
configure:14900: checking for arpa/inet.h
configure:14900: result: yes
configure:14900: checking netinet/in.h usability
configure:14900: gcc -c -g -O2 -Wall  -DOS_LINUX conftest.c >&5
configure:14900: $? = 0
configure:14900: result: yes
configure:14900: checking netinet/in.h presence
configure:14900: gcc -E  -DOS_LINUX conftest.c
configure:14900: $? = 0
configure:14900: result: yes
configure:14900: checking for netinet/in.h
configure:14900: result: yes
configure:14900: checking for stdlib.h
configure:14900: result: yes
configure:14900: checking for string.h
configure:14900: result: yes
configure:14900: checking sys/socket.h usability
configure:14900: gcc -c -g -O2 -Wall  -DOS_LINUX conftest.c >&5
configure:14900: $? = 0
configure:14900: result: yes
configure:14900: checking sys/socket.h presence
configure:14900: gcc -E  -DOS_LINUX conftest.c
configure:14900: $? = 0
configure:14900: result: yes
configure:14900: checking for sys/socket.h
configure:14900: result: yes
configure:14900: checking sys/time.h usability
configure:14900: gcc -c -g -O2 -Wall  -DOS_LINUX conftest.c >&5
configure:14900: $? = 0
configure:14900: result: yes
configure:14900: checking sys/time.h presence
configure:14900: gcc -E  -DOS_LINUX conftest.c
configure:14900: $? = 0
configure:14900: result: yes
configure:14900: checking for sys/time.h
configure:14900: result: yes
configure:14900: checking for unistd.h
configure:14900: result: yes
configure:14900: checking pthread.h usability
configure:14900: gcc -c -g -O2 -Wall  -DOS_LINUX conftest.c >&5
configure:14900: $? = 0
configure:14900: result: yes
configure:14900: checking pthread.h presence
configure:14900: gcc -E  -DOS_LINUX conftest.c
configure:14900: $? = 0
configure:14900: result: yes
configure:14900: checking for pthread.h
configure:14900: result: yes
configure:14985: checking for xml2-config
configure:15003: found /usr/bin/xml2-config
configure:15016: result: /usr/bin/xml2-config
configure:15025: checking for libxml - version >= 2.4.0
configure:15127: gcc -o conftest -g -O2 -Wall  -DOS_LINUX -I/usr/include/libxml2  conftest.c -lxml2  >&5
conftest.c: In function 'main':
conftest.c:45: warning: ignoring return value of 'system', declared with attribute warn_unused_result
configure:15127: $? = 0
configure:15127: ./conftest
configure:15127: $? = 0
configure:15142: result: yes (version 2.7.7)
configure:15228: checking for RSA_sign in -lcrypto
configure:15253: gcc -o conftest -g -O2 -Wall  -DOS_LINUX  conftest.c -lcrypto   >&5
configure:15253: $? = 0
configure:15262: result: yes
configure:15267: checking openssl/rsa.h usability
configure:15267: gcc -c -g -O2 -Wall  -DOS_LINUX conftest.c >&5
configure:15267: $? = 0
configure:15267: result: yes
configure:15267: checking openssl/rsa.h presence
configure:15267: gcc -E  -DOS_LINUX conftest.c
configure:15267: $? = 0
configure:15267: result: yes
configure:15267: checking for openssl/rsa.h
configure:15267: result: yes
configure:15315: checking for sqlite3_open in -lsqlite3
configure:15340: gcc -o conftest -g -O2 -Wall  -DOS_LINUX  conftest.c -lsqlite3   >&5
configure:15340: $? = 0
configure:15349: result: yes
configure:15354: checking sqlite3.h usability
configure:15354: gcc -c -g -O2 -Wall  -DOS_LINUX conftest.c >&5
configure:15354: $? = 0
configure:15354: result: yes
configure:15354: checking sqlite3.h presence
configure:15354: gcc -E  -DOS_LINUX conftest.c
configure:15354: $? = 0
configure:15354: result: yes
configure:15354: checking for sqlite3.h
configure:15354: result: yes
configure:15450: checking for hci_open_dev in -lbluetooth
configure:15475: gcc -o conftest -g -O2 -Wall  -DOS_LINUX  conftest.c -lbluetooth   >&5
configure:15475: $? = 0
configure:15484: result: yes
configure:15489: checking bluetooth/bluetooth.h usability
configure:15489: gcc -c -g -O2 -Wall  -DOS_LINUX conftest.c >&5
configure:15489: $? = 0
configure:15489: result: yes
configure:15489: checking bluetooth/bluetooth.h presence
configure:15489: gcc -E  -DOS_LINUX conftest.c
configure:15489: $? = 0
configure:15489: result: yes
configure:15489: checking for bluetooth/bluetooth.h
configure:15489: result: yes
configure:15507: checking for Bluetooth
configure:15509: result: yes
configure:15544: checking for dbus_bus_get in -ldbus-1
configure:15569: gcc -o conftest -g -O2 -Wall  -DOS_LINUX -I/usr/include/dbus-1.0 -I/usr/lib/dbus-1.0/include    conftest.c -ldbus-1   >&5
configure:15569: $? = 0
configure:15578: result: yes
configure:15583: checking dbus-1.0/dbus/dbus.h usability
configure:15583: gcc -c -g -O2 -Wall  -DOS_LINUX -I/usr/include/dbus-1.0 -I/usr/lib/dbus-1.0/include   conftest.c >&5
configure:15583: $? = 0
configure:15583: result: yes
configure:15583: checking dbus-1.0/dbus/dbus.h presence
configure:15583: gcc -E  -DOS_LINUX -I/usr/include/dbus-1.0 -I/usr/lib/dbus-1.0/include   conftest.c
configure:15583: $? = 0
configure:15583: result: yes
configure:15583: checking for dbus-1.0/dbus/dbus.h
configure:15583: result: yes
configure:15601: checking for D-Bus
configure:15603: result: yes
configure:15611: checking for dbus_watch_get_unix_fd in -ldbus-1
configure:15636: gcc -o conftest -g -O2 -Wall  -DOS_LINUX -I/usr/include/dbus-1.0 -I/usr/lib/dbus-1.0/include    conftest.c -ldbus-1   >&5
configure:15636: $? = 0
configure:15645: result: yes
configure:15665: checking linux/inotify.h usability
configure:15665: gcc -c -g -O2 -Wall  -DOS_LINUX conftest.c >&5
configure:15665: $? = 0
configure:15665: result: yes
configure:15665: checking linux/inotify.h presence
configure:15665: gcc -E  -DOS_LINUX conftest.c
configure:15665: $? = 0
configure:15665: result: yes
configure:15665: checking for linux/inotify.h
configure:15665: result: yes
configure:15711: checking iconv.h usability
configure:15711: gcc -c -g -O2 -Wall  -DOS_LINUX conftest.c >&5
configure:15711: $? = 0
configure:15711: result: yes
configure:15711: checking iconv.h presence
configure:15711: gcc -E  -DOS_LINUX conftest.c
configure:15711: $? = 0
configure:15711: result: yes
configure:15711: checking for iconv.h
configure:15711: result: yes
configure:15724: checking for EXTRACTOR_binaryEncode in -lextractor
configure:15749: gcc -o conftest -g -O2 -Wall  -DOS_LINUX  conftest.c -lextractor   >&5
/usr/bin/ld: cannot find -lextractor
collect2: ld returned 1 exit status
configure:15749: $? = 1
configure: failed program was:
| /* confdefs.h */
| #define PACKAGE_NAME "haggle"
| #define PACKAGE_TARNAME "haggle"
| #define PACKAGE_VERSION "0.3.1"
| #define PACKAGE_STRING "haggle 0.3.1"
| #define PACKAGE_BUGREPORT "bugs@haggleproject.org"
| #define PACKAGE_URL ""
| #define PACKAGE "haggle"
| #define VERSION "0.3.1"
| #define STDC_HEADERS 1
| #define HAVE_SYS_TYPES_H 1
| #define HAVE_SYS_STAT_H 1
| #define HAVE_STDLIB_H 1
| #define HAVE_STRING_H 1
| #define HAVE_MEMORY_H 1
| #define HAVE_STRINGS_H 1
| #define HAVE_INTTYPES_H 1
| #define HAVE_STDINT_H 1
| #define HAVE_UNISTD_H 1
| #define HAVE_DLFCN_H 1
| #define LT_OBJDIR ".libs/"
| #define STDC_HEADERS 1
| #define HAVE_ARPA_INET_H 1
| #define HAVE_NETINET_IN_H 1
| #define HAVE_STDLIB_H 1
| #define HAVE_STRING_H 1
| #define HAVE_SYS_SOCKET_H 1
| #define HAVE_SYS_TIME_H 1
| #define HAVE_UNISTD_H 1
| #define HAVE_PTHREAD_H 1
| #define HAVE_OPENSSL_RSA_H 1
| #define HAVE_SQLITE3_H 1
| #define HAVE_BLUETOOTH_BLUETOOTH_H 1
| #define HAVE_DBUS_1_0_DBUS_DBUS_H 1
| #define HAVE_DBUS 1
| #define HAVE_DBUS_WATCH_GET_UNIX_FD 1
| #define HAVE_LINUX_INOTIFY_H 1
| #define HAVE_ICONV_H 1
| /* end confdefs.h.  */
| 
| /* Override any GCC internal prototype to avoid an error.
|    Use char because int might match the return type of a GCC
|    builtin and then its argument prototype would still apply.  */
| #ifdef __cplusplus
| extern "C"
| #endif
| char EXTRACTOR_binaryEncode ();
| int
| main ()
| {
| return EXTRACTOR_binaryEncode ();
|   ;
|   return 0;
| }
configure:15758: result: no
configure:15777: result: extractor library not found...
configure:15782: checking for Extractor
configure:15784: result: no
configure:16210: checking for javac
configure:16240: result: no
configure:16245: checking for jni.h
configure:16267: result: no
configure:16741: creating ./config.status

## ---------------------- ##
## Running config.status. ##
## ---------------------- ##

This file was extended by haggle config.status 0.3.1, which was
generated by GNU Autoconf 2.67.  Invocation command line was

  CONFIG_FILES    = 
  CONFIG_HEADERS  = 
  CONFIG_LINKS    = 
  CONFIG_COMMANDS = 
  $ ./config.status 

on t60-ub

config.status:1237: creating Makefile
config.status:1237: creating hagglekernel/Makefile
config.status:1237: creating libcpphaggle/Makefile
config.status:1237: creating libhaggle/Makefile
config.status:1237: creating libhaggle/jni/Makefile
config.status:1237: creating libhaggle/jni/java/org/haggle/Makefile
config.status:1237: creating libhaggle/jni/native/Makefile
config.status:1237: creating utils/Makefile
config.status:1237: creating config.h
config.status:1417: config.h is unchanged
config.status:1465: executing depfiles commands
config.status:1465: executing libtool commands

## ---------------- ##
## Cache variables. ##
## ---------------- ##

ac_cv_build=i686-pc-linux-gnu
ac_cv_c_compiler_gnu=yes
ac_cv_c_const=yes
ac_cv_cxx_compiler_gnu=yes
ac_cv_env_CCC_set=
ac_cv_env_CCC_value=
ac_cv_env_CC_set=
ac_cv_env_CC_value=
ac_cv_env_CFLAGS_set=
ac_cv_env_CFLAGS_value=
ac_cv_env_CPPFLAGS_set=
ac_cv_env_CPPFLAGS_value=
ac_cv_env_CPP_set=
ac_cv_env_CPP_value=
ac_cv_env_CXXCPP_set=
ac_cv_env_CXXCPP_value=
ac_cv_env_CXXFLAGS_set=
ac_cv_env_CXXFLAGS_value=
ac_cv_env_CXX_set=
ac_cv_env_CXX_value=
ac_cv_env_JAVA_HOME_set=
ac_cv_env_JAVA_HOME_value=
ac_cv_env_LDFLAGS_set=
ac_cv_env_LDFLAGS_value=
ac_cv_env_LIBS_set=
ac_cv_env_LIBS_value=
ac_cv_env_OPENSSL_DIR_set=
ac_cv_env_OPENSSL_DIR_value=
ac_cv_env_build_alias_set=
ac_cv_env_build_alias_value=
ac_cv_env_host_alias_set=
ac_cv_env_host_alias_value=
ac_cv_env_target_alias_set=
ac_cv_env_target_alias_value=
ac_cv_header_arpa_inet_h=yes
ac_cv_header_bluetooth_bluetooth_h=yes
ac_cv_header_dbus_1_0_dbus_dbus_h=yes
ac_cv_header_dlfcn_h=yes
ac_cv_header_iconv_h=yes
ac_cv_header_inttypes_h=yes
ac_cv_header_linux_inotify_h=yes
ac_cv_header_memory_h=yes
ac_cv_header_netinet_in_h=yes
ac_cv_header_openssl_rsa_h=yes
ac_cv_header_pthread_h=yes
ac_cv_header_sqlite3_h=yes
ac_cv_header_stdc=yes
ac_cv_header_stdint_h=yes
ac_cv_header_stdlib_h=yes
ac_cv_header_string_h=yes
ac_cv_header_strings_h=yes
ac_cv_header_sys_socket_h=yes
ac_cv_header_sys_stat_h=yes
ac_cv_header_sys_time_h=yes
ac_cv_header_sys_types_h=yes
ac_cv_header_unistd_h=yes
ac_cv_host=i686-pc-linux-gnu
ac_cv_lib_bluetooth_hci_open_dev=yes
ac_cv_lib_crypto_RSA_sign=yes
ac_cv_lib_dbus_1_dbus_bus_get=yes
ac_cv_lib_dbus_1_dbus_watch_get_unix_fd=yes
ac_cv_lib_extractor_EXTRACTOR_binaryEncode=no
ac_cv_lib_sqlite3_sqlite3_open=yes
ac_cv_objext=o
ac_cv_path_EGREP='/bin/grep -E'
ac_cv_path_FGREP='/bin/grep -F'
ac_cv_path_GREP=/bin/grep
ac_cv_path_SED=/bin/sed
ac_cv_path_XML2_CONFIG=/usr/bin/xml2-config
ac_cv_path_install='/usr/bin/install -c'
ac_cv_path_mkdir=/bin/mkdir
ac_cv_prog_AWK=gawk
ac_cv_prog_CPP='gcc -E'
ac_cv_prog_CXXCPP='g++ -E'
ac_cv_prog_ac_ct_AR=ar
ac_cv_prog_ac_ct_CC=gcc
ac_cv_prog_ac_ct_CXX=g++
ac_cv_prog_ac_ct_OBJDUMP=objdump
ac_cv_prog_ac_ct_RANLIB=ranlib
ac_cv_prog_ac_ct_STRIP=strip
ac_cv_prog_cc_c89=
ac_cv_prog_cc_g=yes
ac_cv_prog_cxx_g=yes
ac_cv_prog_make_make_set=yes
ac_cv_target=i686-pc-linux-gnu
am_cv_CC_dependencies_compiler_type=gcc3
am_cv_CXX_dependencies_compiler_type=gcc3
lt_cv_deplibs_check_method=pass_all
lt_cv_file_magic_cmd='$MAGIC_CMD'
lt_cv_file_magic_test_file=
lt_cv_ld_reload_flag=-r
lt_cv_nm_interface='BSD nm'
lt_cv_objdir=.libs
lt_cv_path_LD=/usr/bin/ld
lt_cv_path_LDCXX=/usr/bin/ld
lt_cv_path_NM='/usr/bin/nm -B'
lt_cv_prog_compiler_c_o=yes
lt_cv_prog_compiler_c_o_CXX=yes
lt_cv_prog_compiler_pic_works=yes
lt_cv_prog_compiler_pic_works_CXX=yes
lt_cv_prog_compiler_rtti_exceptions=no
lt_cv_prog_compiler_static_works=yes
lt_cv_prog_compiler_static_works_CXX=yes
lt_cv_prog_gnu_ld=yes
lt_cv_prog_gnu_ldcxx=yes
lt_cv_sys_global_symbol_pipe='sed -n -e '\''s/^.*[	 ]\([ABCDGIRSTW][ABCDGIRSTW]*\)[	 ][	 ]*\([_A-Za-z][_A-Za-z0-9]*\)$/\1 \2 \2/p'\'''
lt_cv_sys_global_symbol_to_c_name_address='sed -n -e '\''s/^: \([^ ]*\) $/  {\"\1\", (void *) 0},/p'\'' -e '\''s/^[ABCDGIRSTW]* \([^ ]*\) \([^ ]*\)$/  {"\2", (void *) \&\2},/p'\'''
lt_cv_sys_global_symbol_to_c_name_address_lib_prefix='sed -n -e '\''s/^: \([^ ]*\) $/  {\"\1\", (void *) 0},/p'\'' -e '\''s/^[ABCDGIRSTW]* \([^ ]*\) \(lib[^ ]*\)$/  {"\2", (void *) \&\2},/p'\'' -e '\''s/^[ABCDGIRSTW]* \([^ ]*\) \([^ ]*\)$/  {"lib\2", (void *) \&\2},/p'\'''
lt_cv_sys_global_symbol_to_cdecl='sed -n -e '\''s/^T .* \(.*\)$/extern int \1();/p'\'' -e '\''s/^[ABCDGIRSTW]* .* \(.*\)$/extern char \1;/p'\'''
lt_cv_sys_max_cmd_len=1572864

## ----------------- ##
## Output variables. ##
## ----------------- ##

ACLOCAL='${SHELL} /home/ning/Desktop/haggle-label/missing --run aclocal-1.11'
AMDEPBACKSLASH='\'
AMDEP_FALSE='#'
AMDEP_TRUE=''
AMTAR='${SHELL} /home/ning/Desktop/haggle-label/missing --run tar'
ANDROID_SDK_PATH=''
AR='ar'
AUTOCONF='${SHELL} /home/ning/Desktop/haggle-label/missing --run autoconf'
AUTOHEADER='${SHELL} /home/ning/Desktop/haggle-label/missing --run autoheader'
AUTOMAKE='${SHELL} /home/ning/Desktop/haggle-label/missing --run automake-1.11'
AWK='gawk'
BENCHMARK_FALSE=''
BENCHMARK_TRUE='#'
BUNDLED_SQLITE_FALSE=''
BUNDLED_SQLITE_TRUE='#'
CC='gcc'
CCDEPMODE='depmode=gcc3'
CFLAGS='-g -O2 -Wall'
CPP='gcc -E'
CPPFLAGS=' -DOS_LINUX -DENABLE_BLUETOOTH -DENABLE_ETHERNET -DDEBUG'
CXX='g++'
CXXCPP='g++ -E'
CXXDEPMODE='depmode=gcc3'
CXXFLAGS='-g -O2 -Wall -fno-rtti'
CYGPATH_W='echo'
DBUS_INCLUDES='-I/usr/include/dbus-1.0 -I/usr/lib/dbus-1.0/include  '
DBUS_LIBS='-L/lib -ldbus-1 -lpthread -lrt  '
DEBUG_FALSE='#'
DEBUG_LEAKS_FALSE=''
DEBUG_LEAKS_TRUE='#'
DEBUG_MANAGER_FALSE='#'
DEBUG_MANAGER_TRUE=''
DEBUG_TRUE=''
DEFS='-DHAVE_CONFIG_H'
DEPDIR='.deps'
DOCS_FALSE=''
DOCS_TRUE='#'
DSYMUTIL=''
DUMPBIN=''
ECHO_C=''
ECHO_N='-n'
ECHO_T=''
EGREP='/bin/grep -E'
ENABLE_BLUETOOTH_FALSE='#'
ENABLE_BLUETOOTH_TRUE=''
ENABLE_ETHERNET_FALSE='#'
ENABLE_ETHERNET_TRUE=''
ENABLE_FILEDROP_FALSE='#'
ENABLE_FILEDROP_TRUE=''
ENABLE_IPv6_FALSE=''
ENABLE_IPv6_TRUE='#'
ENABLE_MEDIA_FALSE=''
ENABLE_MEDIA_TRUE='#'
ENABLE_STL_FALSE=''
ENABLE_STL_TRUE='#'
EXEEXT=''
EXTRACTOR_CFLAGS=''
EXTRACTOR_LIBS=''
FGREP='/bin/grep -F'
GREP='/bin/grep'
HAVE_ANDROID_SDK_FALSE=''
HAVE_ANDROID_SDK_TRUE='#'
HAVE_DBUS_FALSE='#'
HAVE_DBUS_TRUE=''
HAVE_EXCEPTION_FALSE='#'
HAVE_EXCEPTION_TRUE=''
HAVE_EXTRACTOR_FALSE=''
HAVE_EXTRACTOR_TRUE='#'
HAVE_INOTIFY_FALSE='#'
HAVE_INOTIFY_TRUE=''
INSTALL_DATA='${INSTALL} -m 644'
INSTALL_PROGRAM='${INSTALL}'
INSTALL_SCRIPT='${INSTALL}'
INSTALL_STRIP_PROGRAM='$(install_sh) -c -s'
JAVA=''
JAVA_BINDINGS_FALSE=''
JAVA_BINDINGS_TRUE='#'
JAVA_HOME=''
JAVA_INCLUDE='-I/Headers -I/Headers/linux'
LD='/usr/bin/ld'
LDFLAGS=''
LIBOBJS=''
LIBS=''
LIBTOOL='$(SHELL) $(top_builddir)/libtool'
LIPO=''
LN_S='ln -s'
LTLIBOBJS=''
MAKEINFO='${SHELL} /home/ning/Desktop/haggle-label/missing --run makeinfo'
MKDIR_P='/bin/mkdir -p'
NM='/usr/bin/nm -B'
NMEDIT=''
OBJDUMP='objdump'
OBJEXT='o'
OMNETPP_FALSE=''
OMNETPP_TRUE='#'
OPENSSL_DIR=''
OPENSSL_INCLUDE_DIR=''
OPENSSL_LIB_DIR=''
OS_IPHONEOS_FALSE=''
OS_IPHONEOS_TRUE='#'
OS_LINUX_FALSE='#'
OS_LINUX_TRUE=''
OS_MACOSX_FALSE=''
OS_MACOSX_TRUE='#'
OS_WINDOWS_FALSE=''
OS_WINDOWS_MOBILE_FALSE=''
OS_WINDOWS_MOBILE_TRUE='#'
OS_WINDOWS_TRUE='#'
OS_WINDOWS_XP_FALSE=''
OS_WINDOWS_XP_TRUE='#'
OTOOL64=''
OTOOL=''
PACKAGE='haggle'
PACKAGE_BUGREPORT='bugs@haggleproject.org'
PACKAGE_NAME='haggle'
PACKAGE_STRING='haggle 0.3.1'
PACKAGE_TARNAME='haggle'
PACKAGE_URL=''
PACKAGE_VERSION='0.3.1'
PATH_SEPARATOR=':'
RANLIB='ranlib'
SED='/bin/sed'
SET_MAKE=''
SHELL='/bin/bash'
SQLITE_INCLUDE_DIR=''
SQLITE_LIB_DIR=''
SQLITE_SUBDIR='extlibs/sqlite-3.7.0.1'
SQLITE_VERSION='3.7.0.1'
STRIP='strip'
USE_UNIX_APPLICATION_SOCKET_FALSE=''
USE_UNIX_APPLICATION_SOCKET_TRUE='#'
VERSION='0.3.1'
XML2_CONFIG='/usr/bin/xml2-config'
XML_CPPFLAGS='-I/usr/include/libxml2'
XML_LIBS='-lxml2'
ac_ct_CC='gcc'
ac_ct_CXX='g++'
ac_ct_DUMPBIN=''
am__EXEEXT_FALSE=''
am__EXEEXT_TRUE='#'
am__fastdepCC_FALSE='#'
am__fastdepCC_TRUE=''
am__fastdepCXX_FALSE='#'
am__fastdepCXX_TRUE=''
am__include='include'
am__isrc=''
am__leading_dot='.'
am__quote=''
am__tar='${AMTAR} chof - "$$tardir"'
am__untar='${AMTAR} xf -'
bindir='${exec_prefix}/bin'
build='i686-pc-linux-gnu'
build_alias=''
build_cpu='i686'
build_os='linux-gnu'
build_vendor='pc'
datadir='${datarootdir}'
datarootdir='${prefix}/share'
docdir='${datarootdir}/doc/${PACKAGE_TARNAME}'
dvidir='${docdir}'
exec_prefix='${prefix}'
have_android_sdk='no'
have_ant=''
have_doxygen=''
host='i686-pc-linux-gnu'
host_alias=''
host_cpu='i686'
host_os='linux-gnu'
host_vendor='pc'
htmldir='${docdir}'
includedir='${prefix}/include'
infodir='${datarootdir}/info'
install_sh='${SHELL} /home/ning/Desktop/haggle-label/install-sh'
libdir='${exec_prefix}/lib'
libexecdir='${exec_prefix}/libexec'
localedir='${datarootdir}/locale'
localstatedir='${prefix}/var'
lt_ECHO='echo'
mandir='${datarootdir}/man'
mkdir_p='/bin/mkdir -p'
oldincludedir='/usr/include'
pdfdir='${docdir}'
prefix='/usr/local'
program_transform_name='s,x,x,'
psdir='${docdir}'
sbindir='${exec_prefix}/sbin'
sdk_path=''
sharedstatedir='${prefix}/com'
sysconfdir='${prefix}/etc'
target='i686-pc-linux-gnu'
target_alias=''
target_cpu='i686'
target_os='linux-gnu'
target_vendor='pc'

## ----------- ##
## confdefs.h. ##
## ----------- ##

/* confdefs.h */
#define PACKAGE_NAME "haggle"
#define PACKAGE_TARNAME "haggle"
#define PACKAGE_VERSION "0.3.1"
#define PACKAGE_STRING "haggle 0.3.1"
#define PACKAGE_BUGREPORT "bugs@haggleproject.org"
#define PACKAGE_URL ""
#define PACKAGE "haggle"
#define VERSION "0.3.1"
#define STDC_HEADERS 1
#define HAVE_SYS_TYPES_H 1
#define HAVE_SYS_STAT_H 1
#define HAVE_STDLIB_H 1
#define HAVE_STRING_H 1
#define HAVE_MEMORY_H 1
#define HAVE_STRINGS_H 1
#define HAVE_INTTYPES_H 1
#define HAVE_STDINT_H 1
#define HAVE_UNISTD_H 1
#define HAVE_DLFCN_H 1
#define LT_OBJDIR ".libs/"
#define STDC_HEADERS 1
#define HAVE_ARPA_INET_H 1
#define HAVE_NETINET_IN_H 1
#define HAVE_STDLIB_H 1
#define HAVE_STRING_H 1
#define HAVE_SYS_SOCKET_H 1
#define HAVE_SYS_TIME_H 1
#define HAVE_UNISTD_H 1
#define HAVE_PTHREAD_H 1
#define HAVE_OPENSSL_RSA_H 1
#define HAVE_SQLITE3_H 1
#define HAVE_BLUETOOTH_BLUETOOTH_H 1
#define HAVE_DBUS_1_0_DBUS_DBUS_H 1
#define HAVE_DBUS 1
#define HAVE_DBUS_WATCH_GET_UNIX_FD 1
#define HAVE_LINUX_INOTIFY_H 1
#define HAVE_ICONV_H 1
#define ENABLE_BLUETOOTH 1
#define ENABLE_ETHERNET 1
#define ENABLE_FILEDROP 1
#define OMNETPP 0
#define HAVE_ANDROID_SDK test x$have_android_sdk = xyes

configure: exit 0
